This is LuaHBTeX, Version 1.18.0 (TeX Live 2024)  (format=lualatex 2024.9.3)  5 SEP 2024 09:43
 restricted system commands enabled.
 file:line:error style messages enabled.
**\nonstopmode\nofiles\PassOptionsToPackage{active,tightpage,auctex}{preview}\AtBeginDocument{\ifx\ifPreview\undefined\RequirePackage[displaymath,floats,graphics,textmath,sections,footnotes]{preview}[2004/11/05]\fi} \input \detokenize{ _region_.tex }
Lua module: luaotfload 2024-02-14 3.28 Lua based OpenType font support
Lua module: lualibs 2023-07-13 2.76 ConTeXt Lua standard libraries.
Lua module: lualibs-extended 2023-07-13 2.76 ConTeXt Lua libraries -- extended collection.
luaotfload | conf : Root cache directory is "/Users/nicolas/Library/texlive/2024/texmf-var/luatex-cache/generic/names".
luaotfload | init : Loading fontloader "fontloader-2023-12-28.lua" from kpse-resolved path "/usr/local/texlive/2024/texmf-dist/tex/luatex/luaotfload/fontloader-2023-12-28.lua".
Lua-only attribute luaotfload@noligature = 1
luaotfload | init : Context OpenType loader version 3.134
Inserting `luaotfload.node_processor' in `pre_linebreak_filter'.
Inserting `luaotfload.node_processor' in `hpack_filter'.
Inserting `luaotfload.glyph_stream' in `glyph_stream_provider'.
Inserting `luaotfload.define_font' in `define_font'.
Lua-only attribute luaotfload_color_attribute = 2
luaotfload | conf : Root cache directory is "/Users/nicolas/Library/texlive/2024/texmf-var/luatex-cache/generic/names".
Inserting `luaotfload.harf.strip_prefix' in `find_opentype_file'.
Inserting `luaotfload.harf.strip_prefix' in `find_truetype_file'.
Removing  `luaotfload.glyph_stream' from `glyph_stream_provider'.
Inserting `luaotfload.harf.glyphstream' in `glyph_stream_provider'.
Inserting `luaotfload.harf.finalize_vlist' in `post_linebreak_filter'.
Inserting `luaotfload.harf.finalize_hlist' in `hpack_filter'.
Inserting `luaotfload.cleanup_files' in `wrapup_run'.
Inserting `luaotfload.harf.finalize_unicode' in `finish_pdffile'.
Inserting `luaotfload.glyphinfo' in `glyph_info'.
Lua-only attribute luaotfload.letterspace_done = 3
Inserting `luaotfload.aux.set_sscale_dimens' in `luaotfload.patch_font'.
Inserting `luaotfload.aux.set_font_index' in `luaotfload.patch_font'.
Inserting `luaotfload.aux.patch_cambria_domh' in `luaotfload.patch_font'.
Inserting `luaotfload.aux.fixup_fontdata' in `luaotfload.patch_font_unsafe'.
Inserting `luaotfload.aux.set_capheight' in `luaotfload.patch_font'.
Inserting `luaotfload.aux.set_xheight' in `luaotfload.patch_font'.
Inserting `luaotfload.rewrite_fontname' in `luaotfload.patch_font'.
Inserting `tracingstacklevels' in `input_level_string'.
(./_region_.tex  !name(LaMain.tex) (/usr/local/texlive/2024/texmf-dist/tex/latex/base/article.cls
Document Class: article 2023/05/17 v1.4n Standard LaTeX document class
(/usr/local/texlive/2024/texmf-dist/tex/latex/base/size12.clo
File: size12.clo 2023/05/17 v1.4n Standard LaTeX file (size option)
luaotfload | db : Font names database not found, generating new one.
luaotfload | db : This can take several minutes; please be patient.)
\c@part=\count186
\c@section=\count187
\c@subsection=\count188
\c@subsubsection=\count189
\c@paragraph=\count190
\c@subparagraph=\count191
\c@figure=\count192
\c@table=\count193
\abovecaptionskip=\skip48
\belowcaptionskip=\skip49
\bibindent=\dimen139
) (/usr/local/texlive/2024/texmf-dist/tex/latex/geometry/geometry.sty
Package: geometry 2020/01/02 v5.9 Page Geometry
 (/usr/local/texlive/2024/texmf-dist/tex/latex/graphics/keyval.sty
Package: keyval 2022/05/29 v1.15 key=value parser (DPC)
\KV@toks@=\toks17
) (/usr/local/texlive/2024/texmf-dist/tex/generic/iftex/ifvtex.sty
Package: ifvtex 2019/10/25 v1.7 ifvtex legacy package. Use iftex instead.
 (/usr/local/texlive/2024/texmf-dist/tex/generic/iftex/iftex.sty
Package: iftex 2022/02/03 v1.0f TeX engine tests
))
\Gm@cnth=\count194
\Gm@cntv=\count195
\c@Gm@tempcnt=\count196
\Gm@bindingoffset=\dimen140
\Gm@wd@mp=\dimen141
\Gm@odd@mp=\dimen142
\Gm@even@mp=\dimen143
\Gm@layoutwidth=\dimen144
\Gm@layoutheight=\dimen145
\Gm@layouthoffset=\dimen146
\Gm@layoutvoffset=\dimen147
\Gm@dimlist=\toks18
) (/usr/local/texlive/2024/texmf-dist/tex/latex/fontspec/fontspec.sty (/usr/local/texlive/2024/texmf-dist/tex/latex/l3packages/xparse/xparse.sty (/usr/local/texlive/2024/texmf-dist/tex/latex/l3kernel/expl3.sty
Package: expl3 2024-02-20 L3 programming layer (loader) 
 (/usr/local/texlive/2024/texmf-dist/tex/latex/l3backend/l3backend-luatex.def
File: l3backend-luatex.def 2024-02-20 L3 backend support: PDF output (LuaTeX)
\l__color_backend_stack_int=\count197
Inserting `l3color' in `luaotfload.parse_color'.
\l__pdf_internal_box=\box51
))
Package: xparse 2024-02-18 L3 Experimental document command parser
)
Package: fontspec 2024/02/13 v2.9a Font selection for XeLaTeX and LuaLaTeX
Lua module: fontspec 2024/02/13 2.9a Font selection for XeLaTeX and LuaLaTeX (/usr/local/texlive/2024/texmf-dist/tex/latex/fontspec/fontspec-luatex.sty
Package: fontspec-luatex 2024/02/13 v2.9a Font selection for XeLaTeX and LuaLaTeX
\l__fontspec_script_int=\count198
\l__fontspec_language_int=\count199
\l__fontspec_strnum_int=\count266
\l__fontspec_tmp_int=\count267
\l__fontspec_tmpa_int=\count268
\l__fontspec_tmpb_int=\count269
\l__fontspec_tmpc_int=\count270
\l__fontspec_em_int=\count271
\l__fontspec_emdef_int=\count272
\l__fontspec_strong_int=\count273
\l__fontspec_strongdef_int=\count274
\l__fontspec_tmpa_dim=\dimen148
\l__fontspec_tmpb_dim=\dimen149
\l__fontspec_tmpc_dim=\dimen150
 (/usr/local/texlive/2024/texmf-dist/tex/latex/base/fontenc.sty
Package: fontenc 2021/04/29 v2.0v Standard LaTeX package
) (/usr/local/texlive/2024/texmf-dist/tex/latex/fontspec/fontspec.cfg)))

Package fontspec Info: Font family 'NewYorkSmall(0)' created for font 'New
(fontspec)             York Small' with options [Ligatures=TeX].
(fontspec)              
(fontspec)              This font family consists of the following NFSS
(fontspec)             series/shapes:
(fontspec)              
(fontspec)             - 'normal' (m/n) with NFSS spec.:
(fontspec)             <->"name:NewYorkSmall:mode=node;script=latn;language=dflt;+tlig;"
(fontspec)             - 'small caps'  (m/sc) with NFSS spec.:
(fontspec)             <->"name:NewYorkSmall:mode=node;script=latn;language=dflt;+tlig;+smcp;"
(fontspec)             - 'bold' (b/n) with NFSS spec.:
(fontspec)             <->"name:NewYorkSmall/B:mode=node;script=latn;language=dflt;+tlig;"
(fontspec)             - 'bold small caps'  (b/sc) with NFSS spec.:
(fontspec)             <->"name:NewYorkSmall/B:mode=node;script=latn;language=dflt;+tlig;+smcp;"
(fontspec)             - 'italic' (m/it) with NFSS spec.:
(fontspec)             <->"name:NewYorkSmall/I:mode=node;script=latn;language=dflt;+tlig;"
(fontspec)             - 'italic small caps'  (m/scit) with NFSS spec.:
(fontspec)             <->"name:NewYorkSmall/I:mode=node;script=latn;language=dflt;+tlig;+smcp;"
(fontspec)             - 'bold italic' (b/it) with NFSS spec.:
(fontspec)             <->"name:NewYorkSmall/BI:mode=node;script=latn;language=dflt;+tlig;"
(fontspec)             - 'bold italic small caps'  (b/scit) with NFSS spec.:
(fontspec)             <->"name:NewYorkSmall/BI:mode=node;script=latn;language=dflt;+tlig;+smcp;"

 (/usr/local/texlive/2024/texmf-dist/tex/latex/setspace/setspace.sty
Package: setspace 2022/12/04 v6.7b set line spacing
) (/usr/local/texlive/2024/texmf-dist/tex/latex/amsmath/amsmath.sty
Package: amsmath 2023/05/13 v2.17o AMS math features
\@mathmargin=\skip50

For additional information on amsmath, use the `?' option.
(/usr/local/texlive/2024/texmf-dist/tex/latex/amsmath/amstext.sty
Package: amstext 2021/08/26 v2.01 AMS text
 (/usr/local/texlive/2024/texmf-dist/tex/latex/amsmath/amsgen.sty
File: amsgen.sty 1999/11/30 v2.0 generic functions
\@emptytoks=\toks19
\ex@=\dimen151
)) (/usr/local/texlive/2024/texmf-dist/tex/latex/amsmath/amsbsy.sty
Package: amsbsy 1999/11/29 v1.2d Bold Symbols
\pmbraise@=\dimen152
) (/usr/local/texlive/2024/texmf-dist/tex/latex/amsmath/amsopn.sty
Package: amsopn 2022/04/08 v2.04 operator names
)
\inf@bad=\count275
LaTeX Info: Redefining \frac on input line 236.
\uproot@=\count276
\leftroot@=\count277
LaTeX Info: Redefining \overline on input line 399.
LaTeX Info: Redefining \colon on input line 410.
\classnum@=\count278
\DOTSCASE@=\count279
LaTeX Info: Redefining \ldots on input line 496.
LaTeX Info: Redefining \dots on input line 499.
LaTeX Info: Redefining \cdots on input line 620.
\Mathstrutbox@=\box52
\strutbox@=\box53
LaTeX Info: Redefining \big on input line 722.
LaTeX Info: Redefining \Big on input line 723.
LaTeX Info: Redefining \bigg on input line 724.
LaTeX Info: Redefining \Bigg on input line 725.
\big@size=\dimen153
LaTeX Font Info:    Redeclaring font encoding OML on input line 743.
LaTeX Font Info:    Redeclaring font encoding OMS on input line 744.
\macc@depth=\count280
LaTeX Info: Redefining \bmod on input line 905.
LaTeX Info: Redefining \pmod on input line 910.
LaTeX Info: Redefining \smash on input line 940.
LaTeX Info: Redefining \relbar on input line 970.
LaTeX Info: Redefining \Relbar on input line 971.
\c@MaxMatrixCols=\count281
\dotsspace@=\muskip16
\c@parentequation=\count282
\dspbrk@lvl=\count283
\tag@help=\toks20
\row@=\count284
\column@=\count285
\maxfields@=\count286
\andhelp@=\toks21
\eqnshift@=\dimen154
\alignsep@=\dimen155
\tagshift@=\dimen156
\tagwidth@=\dimen157
\totwidth@=\dimen158
\lineht@=\dimen159
\@envbody=\toks22
\multlinegap=\skip51
\multlinetaggap=\skip52
\mathdisplay@stack=\toks23
LaTeX Info: Redefining \[ on input line 2953.
LaTeX Info: Redefining \] on input line 2954.
) (/usr/local/texlive/2024/texmf-dist/tex/latex/amsfonts/amssymb.sty
Package: amssymb 2013/01/14 v3.01 AMS font symbols
 (/usr/local/texlive/2024/texmf-dist/tex/latex/amsfonts/amsfonts.sty
Package: amsfonts 2013/01/14 v3.01 Basic AMSFonts support
\symAMSa=\mathgroup4
\symAMSb=\mathgroup5
LaTeX Font Info:    Redeclaring math symbol \hbar on input line 98.
LaTeX Font Info:    Overwriting math alphabet `\mathfrak' in version `bold'
(Font)                  U/euf/m/n --> U/euf/b/n on input line 106.
)) (/usr/local/texlive/2024/texmf-dist/tex/latex/amscls/amsthm.sty
Package: amsthm 2020/05/29 v2.20.6
\thm@style=\toks24
\thm@bodyfont=\toks25
\thm@headfont=\toks26
\thm@notefont=\toks27
\thm@headpunct=\toks28
\thm@preskip=\skip53
\thm@postskip=\skip54
\thm@headsep=\skip55
\dth@everypar=\toks29
) (/usr/local/texlive/2024/texmf-dist/tex/latex/graphics/graphicx.sty
Package: graphicx 2021/09/16 v1.2d Enhanced LaTeX Graphics (DPC,SPQR)
 (/usr/local/texlive/2024/texmf-dist/tex/latex/graphics/graphics.sty
Package: graphics 2022/03/10 v1.4e Standard LaTeX Graphics (DPC,SPQR)
 (/usr/local/texlive/2024/texmf-dist/tex/latex/graphics/trig.sty
Package: trig 2021/08/11 v1.11 sin cos tan (DPC)
) (/usr/local/texlive/2024/texmf-dist/tex/latex/graphics-cfg/graphics.cfg
File: graphics.cfg 2016/06/04 v1.11 sample graphics configuration
)
Package graphics Info: Driver file: luatex.def on input line 107.
 (/usr/local/texlive/2024/texmf-dist/tex/latex/graphics-def/luatex.def
File: luatex.def 2022/09/22 v1.2d Graphics/color driver for luatex
))
\Gin@req@height=\dimen160
\Gin@req@width=\dimen161
) (/usr/local/texlive/2024/texmf-dist/tex/latex/hyperref/hyperref.sty
Package: hyperref 2024-01-20 v7.01h Hypertext links for LaTeX
 (/usr/local/texlive/2024/texmf-dist/tex/latex/kvsetkeys/kvsetkeys.sty
Package: kvsetkeys 2022-10-05 v1.19 Key value parser (HO)
)
(/usr/local/texlive/2024/texmf-dist/tex/generic/kvdefinekeys/kvdefinekeys.sty
Package: kvdefinekeys 2019-12-19 v1.6 Define keys (HO)
) (/usr/local/texlive/2024/texmf-dist/tex/generic/pdfescape/pdfescape.sty
Package: pdfescape 2019/12/09 v1.15 Implements pdfTeX's escape features (HO)
 (/usr/local/texlive/2024/texmf-dist/tex/generic/ltxcmds/ltxcmds.sty
Package: ltxcmds 2023-12-04 v1.26 LaTeX kernel commands for general use (HO)
) (/usr/local/texlive/2024/texmf-dist/tex/generic/pdftexcmds/pdftexcmds.sty
Package: pdftexcmds 2020-06-27 v0.33 Utility functions of pdfTeX for LuaTeX (HO)
 (/usr/local/texlive/2024/texmf-dist/tex/generic/infwarerr/infwarerr.sty
Package: infwarerr 2019/12/03 v1.5 Providing info/warning/error messages (HO)
)
Package pdftexcmds Info: \pdf@primitive is available.
Package pdftexcmds Info: \pdf@ifprimitive is available.
Package pdftexcmds Info: \pdfdraftmode found.
\pdftexcmds@toks=\toks30
)) (/usr/local/texlive/2024/texmf-dist/tex/latex/hycolor/hycolor.sty
Package: hycolor 2020-01-27 v1.10 Color options for hyperref/bookmark (HO)
) (/usr/local/texlive/2024/texmf-dist/tex/latex/auxhook/auxhook.sty
Package: auxhook 2019-12-17 v1.6 Hooks for auxiliary files (HO)
) (/usr/local/texlive/2024/texmf-dist/tex/latex/hyperref/nameref.sty
Package: nameref 2023-11-26 v2.56 Cross-referencing by name of section
 (/usr/local/texlive/2024/texmf-dist/tex/latex/refcount/refcount.sty
Package: refcount 2019/12/15 v3.6 Data extraction from label references (HO)
) (/usr/local/texlive/2024/texmf-dist/tex/generic/gettitlestring/gettitlestring.sty
Package: gettitlestring 2019/12/15 v1.6 Cleanup title references (HO)
 (/usr/local/texlive/2024/texmf-dist/tex/latex/kvoptions/kvoptions.sty
Package: kvoptions 2022-06-15 v3.15 Key value format for package options (HO)
))
\c@section@level=\count287
) (/usr/local/texlive/2024/texmf-dist/tex/latex/etoolbox/etoolbox.sty
Package: etoolbox 2020/10/05 v2.5k e-TeX tools for LaTeX (JAW)
\etb@tempcnta=\count288
)
\@linkdim=\dimen162
\Hy@linkcounter=\count289
\Hy@pagecounter=\count290
 (/usr/local/texlive/2024/texmf-dist/tex/latex/hyperref/pd1enc.def
File: pd1enc.def 2024-01-20 v7.01h Hyperref: PDFDocEncoding definition (HO)
) (/usr/local/texlive/2024/texmf-dist/tex/generic/intcalc/intcalc.sty
Package: intcalc 2019/12/15 v1.3 Expandable calculations with integers (HO)
)
\Hy@SavedSpaceFactor=\count291

(/usr/local/texlive/2024/texmf-dist/tex/latex/hyperref/puenc.def
File: puenc.def 2024-01-20 v7.01h Hyperref: PDF Unicode definition (HO)
)
Package hyperref Info: Hyper figures OFF on input line 4179.
Package hyperref Info: Link nesting OFF on input line 4184.
Package hyperref Info: Hyper index ON on input line 4187.
Package hyperref Info: Plain pages OFF on input line 4194.
Package hyperref Info: Backreferencing OFF on input line 4199.
Package hyperref Info: Implicit mode ON; LaTeX internals redefined.
Package hyperref Info: Bookmarks ON on input line 4446.
\c@Hy@tempcnt=\count292
 (/usr/local/texlive/2024/texmf-dist/tex/latex/url/url.sty
\Urlmuskip=\muskip17
Package: url 2013/09/16  ver 3.4  Verb mode for urls, etc.
)
LaTeX Info: Redefining \url on input line 4784.
\XeTeXLinkMargin=\dimen163
 (/usr/local/texlive/2024/texmf-dist/tex/generic/bitset/bitset.sty
Package: bitset 2019/12/09 v1.3 Handle bit-vector datatype (HO)
 (/usr/local/texlive/2024/texmf-dist/tex/generic/bigintcalc/bigintcalc.sty
Package: bigintcalc 2019/12/15 v1.5 Expandable calculations on big integers (HO)
))
\Fld@menulength=\count293
\Field@Width=\dimen164
\Fld@charsize=\dimen165
Package hyperref Info: Hyper figures OFF on input line 6063.
Package hyperref Info: Link nesting OFF on input line 6068.
Package hyperref Info: Hyper index ON on input line 6071.
Package hyperref Info: backreferencing OFF on input line 6078.
Package hyperref Info: Link coloring OFF on input line 6083.
Package hyperref Info: Link coloring with OCG OFF on input line 6088.
Package hyperref Info: PDF/A mode OFF on input line 6093.
 (/usr/local/texlive/2024/texmf-dist/tex/latex/base/atbegshi-ltx.sty
Package: atbegshi-ltx 2021/01/10 v1.0c Emulation of the original atbegshi
package with kernel methods
)
\Hy@abspage=\count294
\c@Item=\count295
\c@Hfootnote=\count296
)
Package hyperref Info: Driver (autodetected): hluatex.
 (/usr/local/texlive/2024/texmf-dist/tex/latex/hyperref/hluatex.def
File: hluatex.def 2024-01-20 v7.01h Hyperref driver for luaTeX
 (/usr/local/texlive/2024/texmf-dist/tex/generic/stringenc/stringenc.sty
Package: stringenc 2019/11/29 v1.12 Convert strings between diff. encodings (HO)
) (/usr/local/texlive/2024/texmf-dist/tex/latex/base/atveryend-ltx.sty
Package: atveryend-ltx 2020/08/19 v1.0a Emulation of the original atveryend package
with kernel methods
)
\Fld@listcount=\count297
\c@bookmark@seq@number=\count298
 (/usr/local/texlive/2024/texmf-dist/tex/latex/rerunfilecheck/rerunfilecheck.sty
Package: rerunfilecheck 2022-07-10 v1.10 Rerun checks for auxiliary files (HO)
 (/usr/local/texlive/2024/texmf-dist/tex/generic/uniquecounter/uniquecounter.sty
Package: uniquecounter 2019/12/15 v1.4 Provide unlimited unique counter (HO)
)
Package uniquecounter Info: New unique counter `rerunfilecheck' on input line 285.
)
\Hy@SectionHShift=\skip56
) (/usr/local/texlive/2024/texmf-dist/tex/generic/babel/babel.sty
Package: babel 2024/02/07 v24.2 The Babel package
 (/usr/local/texlive/2024/texmf-dist/tex/generic/babel/luababel.def
\bbl@readstream=\read2
\l@dumylang=\language2
Package babel Info: Non-standard hyphenation setup on input line 118.
\l@nohyphenation=\language3
\l@vietnamese=\language4
\l@hebrew=\language5
\l@german-x-2024-02-28=\language6
\l@ngerman-x-2024-02-28=\language7
\l@afrikaans=\language8
\l@ancientgreek=\language9
\l@ibycus=\language10
\l@arabic=\language11
\l@armenian=\language12
\l@basque=\language13
\l@belarusian=\language14
\l@bulgarian=\language15
\l@catalan=\language16
\l@pinyin=\language17
\l@churchslavonic=\language18
\l@coptic=\language19
\l@croatian=\language20
\l@czech=\language21
\l@danish=\language22
\l@dutch=\language23
\l@ukenglish=\language24
\l@usenglishmax=\language25
\l@esperanto=\language26
\l@estonian=\language27
\l@ethiopic=\language28
\l@farsi=\language29
\l@finnish=\language30
\l@schoolfinnish=\language31
\l@french=\language32
\l@friulan=\language33
\l@galician=\language34
\l@georgian=\language35
\l@german=\language36
\l@ngerman=\language37
\l@swissgerman=\language38
\l@greek=\language39
\l@monogreek=\language40
\l@hungarian=\language41
\l@icelandic=\language42
\l@assamese=\language43
\l@bengali=\language44
\l@gujarati=\language45
\l@hindi=\language46
\l@kannada=\language47
\l@malayalam=\language48
\l@marathi=\language49
\l@oriya=\language50
\l@pali=\language51
\l@panjabi=\language52
\l@tamil=\language53
\l@telugu=\language54
\l@indonesian=\language55
\l@interlingua=\language56
\l@irish=\language57
\l@italian=\language58
\l@kurmanji=\language59
\l@classiclatin=\language60
\l@latin=\language61
\l@liturgicallatin=\language62
\l@latvian=\language63
\l@lithuanian=\language64
\l@macedonian=\language65
\l@mongolian=\language66
\l@mongolianlmc=\language67
\l@bokmal=\language68
\l@nynorsk=\language69
\l@occitan=\language70
\l@piedmontese=\language71
\l@polish=\language72
\l@portuguese=\language73
\l@romanian=\language74
\l@romansh=\language75
\l@russian=\language76
\l@sanskrit=\language77
\l@serbian=\language78
\l@serbianc=\language79
\l@slovak=\language80
\l@slovenian=\language81
\l@spanish=\language82
\l@swedish=\language83
\l@thai=\language84
\l@turkish=\language85
\l@turkmen=\language86
\l@ukrainian=\language87
\l@uppersorbian=\language88
\l@welsh=\language89
\babelcatcodetablenum=\catcodetable14
\bbl@pattcodes=\catcodetable15
)
\babel@savecnt=\count299
\U@D=\dimen166
\l@unhyphenated=\language90
 (/usr/local/texlive/2024/texmf-dist/tex/generic/babel/luababel.def
\bbl@attr@locale=\attribute4
) (/usr/local/texlive/2024/texmf-dist/tex/generic/babel-romanian/romanian.ldf
Language: romanian 2021/04/04 v1.2m Romanian support from the babel system

(/usr/local/texlive/2024/texmf-dist/tex/generic/hyph-utf8/loadhyph/loadhyph-ro.tex UTF-8 Romanian hyphenation patterns (/usr/local/texlive/2024/texmf-dist/tex/generic/hyph-utf8/patterns/tex/hyph-ro.tex)))) (/usr/local/texlive/2024/texmf-dist/tex/generic/babel/locale/ro/babel-romanian.tex
Package babel Info: Importing font and identification data for romanian
(babel)             from babel-ro.ini. Reported on input line 11.
) (/usr/local/texlive/2024/texmf-dist/tex/latex/biblatex/biblatex.sty
Package: biblatex 2023/03/05 v3.19 programmable bibliographies (PK/MW)
 (/usr/local/texlive/2024/texmf-dist/tex/latex/logreq/logreq.sty
Package: logreq 2010/08/04 v1.0 xml request logger
\lrq@indent=\count300
 (/usr/local/texlive/2024/texmf-dist/tex/latex/logreq/logreq.def
File: logreq.def 2010/08/04 v1.0 logreq spec v1.0
)) (/usr/local/texlive/2024/texmf-dist/tex/latex/base/ifthen.sty
Package: ifthen 2022/04/13 v1.1d Standard LaTeX ifthen package (DPC)
)
\c@tabx@nest=\count301
\c@listtotal=\count302
\c@listcount=\count303
\c@liststart=\count304
\c@liststop=\count305
\c@citecount=\count306
\c@citetotal=\count307
\c@multicitecount=\count308
\c@multicitetotal=\count309
\c@instcount=\count310
\c@maxnames=\count311
\c@minnames=\count312
\c@maxitems=\count313
\c@minitems=\count314
\c@citecounter=\count315
\c@maxcitecounter=\count316
\c@savedcitecounter=\count317
\c@uniquelist=\count318
\c@uniquename=\count319
\c@refsection=\count320
\c@refsegment=\count321
\c@maxextratitle=\count322
\c@maxextratitleyear=\count323
\c@maxextraname=\count324
\c@maxextradate=\count325
\c@maxextraalpha=\count326
\c@abbrvpenalty=\count327
\c@highnamepenalty=\count328
\c@lownamepenalty=\count329
\c@maxparens=\count330
\c@parenlevel=\count331
\blx@tempcnta=\count332
\blx@tempcntb=\count333
\blx@tempcntc=\count334
\c@blx@maxsection=\count335
\blx@maxsegment@0=\count336
\blx@notetype=\count337
\blx@parenlevel@text=\count338
\blx@parenlevel@foot=\count339
\blx@sectionciteorder@0=\count340
\blx@sectionciteorderinternal@0=\count341
\blx@entrysetcounter=\count342
\blx@biblioinstance=\count343
\labelnumberwidth=\skip57
\labelalphawidth=\skip58
\biblabelsep=\skip59
\bibitemsep=\skip60
\bibnamesep=\skip61
\bibinitsep=\skip62
\bibparsep=\skip63
\bibhang=\skip64
\blx@bcfin=\read3
\blx@bcfout=\write3
\blx@langwohyphens=\language91
\c@mincomprange=\count344
\c@maxcomprange=\count345
\c@mincompwidth=\count346
Package biblatex Info: Trying to load biblatex default data model...
Package biblatex Info: ... file 'blx-dm.def' found.
 (/usr/local/texlive/2024/texmf-dist/tex/latex/biblatex/blx-dm.def
File: blx-dm.def 2023/03/05 v3.19 biblatex localization (PK/MW)
)
Package biblatex Info: Trying to load biblatex style data model...
Package biblatex Info: ... file 'vancouver.dbx' not found.
Package biblatex Info: Trying to load biblatex custom data model...
Package biblatex Info: ... file 'biblatex-dm.cfg' not found.
\c@afterword=\count347
\c@savedafterword=\count348
\c@annotator=\count349
\c@savedannotator=\count350
\c@author=\count351
\c@savedauthor=\count352
\c@bookauthor=\count353
\c@savedbookauthor=\count354
\c@commentator=\count355
\c@savedcommentator=\count356
\c@editor=\count357
\c@savededitor=\count358
\c@editora=\count359
\c@savededitora=\count360
\c@editorb=\count361
\c@savededitorb=\count362
\c@editorc=\count363
\c@savededitorc=\count364
\c@foreword=\count365
\c@savedforeword=\count366
\c@holder=\count367
\c@savedholder=\count368
\c@introduction=\count369
\c@savedintroduction=\count370
\c@namea=\count371
\c@savednamea=\count372
\c@nameb=\count373
\c@savednameb=\count374
\c@namec=\count375
\c@savednamec=\count376
\c@translator=\count377
\c@savedtranslator=\count378
\c@shortauthor=\count379
\c@savedshortauthor=\count380
\c@shorteditor=\count381
\c@savedshorteditor=\count382
\c@labelname=\count383
\c@savedlabelname=\count384
\c@institution=\count385
\c@savedinstitution=\count386
\c@lista=\count387
\c@savedlista=\count388
\c@listb=\count389
\c@savedlistb=\count390
\c@listc=\count391
\c@savedlistc=\count392
\c@listd=\count393
\c@savedlistd=\count394
\c@liste=\count395
\c@savedliste=\count396
\c@listf=\count397
\c@savedlistf=\count398
\c@location=\count399
\c@savedlocation=\count400
\c@organization=\count401
\c@savedorganization=\count402
\c@origlocation=\count403
\c@savedoriglocation=\count404
\c@origpublisher=\count405
\c@savedorigpublisher=\count406
\c@publisher=\count407
\c@savedpublisher=\count408
\c@language=\count409
\c@savedlanguage=\count410
\c@origlanguage=\count411
\c@savedoriglanguage=\count412
\c@pageref=\count413
\c@savedpageref=\count414
\shorthandwidth=\skip65
\shortjournalwidth=\skip66
\shortserieswidth=\skip67
\shorttitlewidth=\skip68
\shortauthorwidth=\skip69
\shorteditorwidth=\skip70
\locallabelnumberwidth=\skip71
\locallabelalphawidth=\skip72
\localshorthandwidth=\skip73
\localshortjournalwidth=\skip74
\localshortserieswidth=\skip75
\localshorttitlewidth=\skip76
\localshortauthorwidth=\skip77
\localshorteditorwidth=\skip78
Package biblatex Info: Trying to load enhanced support for Unicode engines...
Package biblatex Info: ... file 'blx-unicode.def' found.
 (/usr/local/texlive/2024/texmf-dist/tex/latex/biblatex/blx-unicode.def)
Package biblatex Info: Trying to load compatibility code...
Package biblatex Info: ... file 'blx-compat.def' found.
 (/usr/local/texlive/2024/texmf-dist/tex/latex/biblatex/blx-compat.def
File: blx-compat.def 2023/03/05 v3.19 biblatex compatibility (PK/MW)
)
Package biblatex Info: Trying to load generic definitions...
Package biblatex Info: ... file 'biblatex.def' found.
 (/usr/local/texlive/2024/texmf-dist/tex/latex/biblatex/biblatex.def
File: biblatex.def 2023/03/05 v3.19 biblatex compatibility (PK/MW)
\c@textcitecount=\count415
\c@textcitetotal=\count416
\c@textcitemaxnames=\count417
\c@biburlbigbreakpenalty=\count418
\c@biburlbreakpenalty=\count419
\c@biburlnumpenalty=\count420
\c@biburlucpenalty=\count421
\c@biburllcpenalty=\count422
\biburlbigskip=\muskip18
\biburlnumskip=\muskip19
\biburlucskip=\muskip20
\biburllcskip=\muskip21
\c@smartand=\count423
)
Package biblatex Info: Trying to load bibliography style 'vancouver'...
Package biblatex Info: ... file 'vancouver.bbx' found.
 (/usr/local/texlive/2024/texmf-dist/tex/latex/biblatex-vancouver/vancouver.bbx
File: vancouver.bbx 2020/05/20 v0.1 biblatex vancouver
Package biblatex Info: Trying to load bibliography style 'numeric'...
Package biblatex Info: ... file 'numeric.bbx' found.
 (/usr/local/texlive/2024/texmf-dist/tex/latex/biblatex/bbx/numeric.bbx
File: numeric.bbx 2023/03/05 v3.19 biblatex bibliography style (PK/MW)
Package biblatex Info: Trying to load bibliography style 'standard'...
Package biblatex Info: ... file 'standard.bbx' found.

(/usr/local/texlive/2024/texmf-dist/tex/latex/biblatex/bbx/standard.bbx
File: standard.bbx 2023/03/05 v3.19 biblatex bibliography style (PK/MW)
\c@bbx:relatedcount=\count424
\c@bbx:relatedtotal=\count425
)))
Package biblatex Info: Trying to load citation style 'vancouver'...
Package biblatex Info: ... file 'vancouver.cbx' found.
 (/usr/local/texlive/2024/texmf-dist/tex/latex/biblatex-vancouver/vancouver.cbx
File: vancouver.bbx 2020/05/20 v0.1 biblatex vancouver
Package biblatex Info: Trying to load citation style 'numeric'...
Package biblatex Info: ... file 'numeric.cbx' found.
 (/usr/local/texlive/2024/texmf-dist/tex/latex/biblatex/cbx/numeric.cbx
File: numeric.cbx 2023/03/05 v3.19 biblatex citation style (PK/MW)
Package biblatex Info: Redefining '\cite'.
Package biblatex Info: Redefining '\parencite'.
Package biblatex Info: Redefining '\footcite'.
Package biblatex Info: Redefining '\footcitetext'.
Package biblatex Info: Redefining '\smartcite'.
Package biblatex Info: Redefining '\supercite'.
Package biblatex Info: Redefining '\textcite'.
Package biblatex Info: Redefining '\textcites'.
Package biblatex Info: Redefining '\cites'.
Package biblatex Info: Redefining '\parencites'.
Package biblatex Info: Redefining '\smartcites'.
))
Package biblatex Info: Trying to load configuration file...
Package biblatex Info: ... file 'biblatex.cfg' found.
 (/usr/local/texlive/2024/texmf-dist/tex/latex/biblatex/biblatex.cfg
File: biblatex.cfg 
)
Package biblatex Info: LuaTeX detected.
(biblatex)             Assuming input encoding 'utf8'.
Package biblatex Info: Document encoding is UTF8 ....
Package biblatex Info: ... and expl3
(biblatex)             2024-02-20 L3 programming layer (loader) 
(biblatex)             is new enough (at least 2020/04/06),
(biblatex)             setting 'casechanger=expl3'.
 (/usr/local/texlive/2024/texmf-dist/tex/latex/biblatex/blx-case-expl3.sty
Package: blx-case-expl3 2023/03/05 v3.19 expl3 case changing code for biblatex
))

Package biblatex Warning: 'babel/polyglossia' detected but 'csquotes' missing.
(biblatex)                Loading 'csquotes' recommended.

\@quotelevel=\count426
\@quotereset=\count427
No file _region_.aux.
LaTeX Font Info:    Checking defaults for OML/cmm/m/it on input line 29.
LaTeX Font Info:    ... okay on input line 29.
LaTeX Font Info:    Checking defaults for OMS/cmsy/m/n on input line 29.
LaTeX Font Info:    ... okay on input line 29.
LaTeX Font Info:    Checking defaults for OT1/cmr/m/n on input line 29.
LaTeX Font Info:    ... okay on input line 29.
LaTeX Font Info:    Checking defaults for T1/cmr/m/n on input line 29.
LaTeX Font Info:    ... okay on input line 29.
LaTeX Font Info:    Checking defaults for TS1/cmr/m/n on input line 29.
LaTeX Font Info:    Trying to load font information for TS1+cmr on input line 29.
(/usr/local/texlive/2024/texmf-dist/tex/latex/base/ts1cmr.fd
File: ts1cmr.fd 2023/04/13 v2.5m Standard LaTeX font definitions
)
LaTeX Font Info:    ... okay on input line 29.
LaTeX Font Info:    Checking defaults for TU/lmr/m/n on input line 29.
LaTeX Font Info:    ... okay on input line 29.
LaTeX Font Info:    Checking defaults for OMX/cmex/m/n on input line 29.
LaTeX Font Info:    ... okay on input line 29.
LaTeX Font Info:    Checking defaults for U/cmr/m/n on input line 29.
LaTeX Font Info:    ... okay on input line 29.
LaTeX Font Info:    Checking defaults for PD1/pdf/m/n on input line 29.
LaTeX Font Info:    ... okay on input line 29.
LaTeX Font Info:    Checking defaults for PU/pdf/m/n on input line 29.
LaTeX Font Info:    ... okay on input line 29.

*geometry* driver: auto-detecting
*geometry* detected driver: luatex
*geometry* verbose mode - [ preamble ] result:
* driver: luatex
* paper: a4paper
* layout: <same size as paper>
* layoutoffset:(h,v)=(0.0pt,0.0pt)
* modes: 
* h-part:(L,W,R)=(71.13188pt, 455.24411pt, 71.13188pt)
* v-part:(T,H,B)=(71.13188pt, 702.78308pt, 71.13188pt)
* \paperwidth=597.50787pt
* \paperheight=845.04684pt
* \textwidth=455.24411pt
* \textheight=702.78308pt
* \oddsidemargin=-1.1381pt
* \evensidemargin=-1.1381pt
* \topmargin=-38.1381pt
* \headheight=12.0pt
* \headsep=25.0pt
* \topskip=12.0pt
* \footskip=30.0pt
* \marginparwidth=35.0pt
* \marginparsep=10.0pt
* \columnsep=10.0pt
* \skip\footins=10.8pt plus 4.0pt minus 2.0pt
* \hoffset=0.0pt
* \voffset=0.0pt
* \mag=1000
* \@twocolumnfalse
* \@twosidefalse
* \@mparswitchfalse
* \@reversemarginfalse
* (1in=72.27pt=25.4mm, 1cm=28.453pt)


Package fontspec Info: Adjusting the maths setup (use [no-math] to avoid
(fontspec)             this).

\symlegacymaths=\mathgroup6
LaTeX Font Info:    Overwriting symbol font `legacymaths' in version `bold'
(Font)                  OT1/cmr/m/n --> OT1/cmr/bx/n on input line 29.
LaTeX Font Info:    Redeclaring math accent \acute on input line 29.
LaTeX Font Info:    Redeclaring math accent \grave on input line 29.
LaTeX Font Info:    Redeclaring math accent \ddot on input line 29.
LaTeX Font Info:    Redeclaring math accent \tilde on input line 29.
LaTeX Font Info:    Redeclaring math accent \bar on input line 29.
LaTeX Font Info:    Redeclaring math accent \breve on input line 29.
LaTeX Font Info:    Redeclaring math accent \check on input line 29.
LaTeX Font Info:    Redeclaring math accent \hat on input line 29.
LaTeX Font Info:    Redeclaring math accent \dot on input line 29.
LaTeX Font Info:    Redeclaring math accent \mathring on input line 29.
LaTeX Font Info:    Redeclaring math symbol \Gamma on input line 29.
LaTeX Font Info:    Redeclaring math symbol \Delta on input line 29.
LaTeX Font Info:    Redeclaring math symbol \Theta on input line 29.
LaTeX Font Info:    Redeclaring math symbol \Lambda on input line 29.
LaTeX Font Info:    Redeclaring math symbol \Xi on input line 29.
LaTeX Font Info:    Redeclaring math symbol \Pi on input line 29.
LaTeX Font Info:    Redeclaring math symbol \Sigma on input line 29.
LaTeX Font Info:    Redeclaring math symbol \Upsilon on input line 29.
LaTeX Font Info:    Redeclaring math symbol \Phi on input line 29.
LaTeX Font Info:    Redeclaring math symbol \Psi on input line 29.
LaTeX Font Info:    Redeclaring math symbol \Omega on input line 29.
LaTeX Font Info:    Redeclaring math symbol \mathdollar on input line 29.
LaTeX Font Info:    Redeclaring symbol font `operators' on input line 29.
LaTeX Font Info:    Encoding `OT1' has changed to `TU' for symbol font
(Font)              `operators' in the math version `normal' on input line 29.
LaTeX Font Info:    Overwriting symbol font `operators' in version `normal'
(Font)                  OT1/cmr/m/n --> TU/NewYorkSmall(0)/m/n on input line 29.
LaTeX Font Info:    Encoding `OT1' has changed to `TU' for symbol font
(Font)              `operators' in the math version `bold' on input line 29.
LaTeX Font Info:    Overwriting symbol font `operators' in version `bold'
(Font)                  OT1/cmr/bx/n --> TU/NewYorkSmall(0)/m/n on input line 29.
LaTeX Font Info:    Overwriting symbol font `operators' in version `normal'
(Font)                  TU/NewYorkSmall(0)/m/n --> TU/NewYorkSmall(0)/m/n on input line 29.
LaTeX Font Info:    Overwriting math alphabet `\mathit' in version `normal'
(Font)                  OT1/cmr/m/it --> TU/NewYorkSmall(0)/m/it on input line 29.
LaTeX Font Info:    Overwriting math alphabet `\mathbf' in version `normal'
(Font)                  OT1/cmr/bx/n --> TU/NewYorkSmall(0)/b/n on input line 29.
LaTeX Font Info:    Overwriting math alphabet `\mathsf' in version `normal'
(Font)                  OT1/cmss/m/n --> TU/lmss/m/n on input line 29.
LaTeX Font Info:    Overwriting math alphabet `\mathtt' in version `normal'
(Font)                  OT1/cmtt/m/n --> TU/lmtt/m/n on input line 29.
LaTeX Font Info:    Overwriting symbol font `operators' in version `bold'
(Font)                  TU/NewYorkSmall(0)/m/n --> TU/NewYorkSmall(0)/b/n on input line 29.
LaTeX Font Info:    Overwriting math alphabet `\mathit' in version `bold'
(Font)                  OT1/cmr/bx/it --> TU/NewYorkSmall(0)/b/it on input line 29.
LaTeX Font Info:    Overwriting math alphabet `\mathsf' in version `bold'
(Font)                  OT1/cmss/bx/n --> TU/lmss/b/n on input line 29.
LaTeX Font Info:    Overwriting math alphabet `\mathtt' in version `bold'
(Font)                  OT1/cmtt/m/n --> TU/lmtt/b/n on input line 29.
(/usr/local/texlive/2024/texmf-dist/tex/context/base/mkii/supp-pdf.mkii
[Loading MPS to PDF converter (version 2006.09.02).]
\scratchcounter=\count428
\scratchdimen=\dimen167
\scratchbox=\box54
\nofMPsegments=\count429
\nofMParguments=\count430
\everyMPshowfont=\toks31
\MPscratchCnt=\count431
\MPscratchDim=\dimen168
\MPnumerator=\count432
\makeMPintoPDFobject=\count433
\everyMPtoPDFconversion=\toks32
) (/usr/local/texlive/2024/texmf-dist/tex/latex/epstopdf-pkg/epstopdf-base.sty
Package: epstopdf-base 2020-01-24 v2.11 Base part for package epstopdf
Package epstopdf-base Info: Redefining graphics rule for `.eps' on input line 485.
 (/usr/local/texlive/2024/texmf-dist/tex/latex/latexconfig/epstopdf-sys.cfg
File: epstopdf-sys.cfg 2010/07/13 v1.3 Configuration of (r)epstopdf for TeX Live
))
\providecommand\hyper@newdestlabel[2]{}
Package hyperref Info: Link coloring OFF on input line 29.
Package biblatex Info: Trying to load language 'romanian'...
Package biblatex Info: ... file 'romanian.lbx' found.
(/usr/local/texlive/2024/texmf-dist/tex/latex/biblatex/lbx/romanian.lbx
File: romanian.lbx 2023/03/05 v3.19 biblatex localization (PK/MW)
)
Package biblatex Info: LuaTeX detected.
(biblatex)             Assuming input encoding 'utf8'.
Package biblatex Info: Automatic encoding selection.
(biblatex)             Assuming data encoding 'utf8'.
Package biblatex Info: Trying to load bibliographic data...
Package biblatex Info: ... file '_region_.bbl' not found.

No file _region_.bbl.
Package biblatex Info: Reference section=0 on input line 29.
Package biblatex Info: Reference segment=0 on input line 29.
(/Users/nicolas/.emacs.d/.local/straight/build-29.1/auctex/latex/preview.sty
Package: preview 2024/06/30 14.0.6 (AUCTeX/preview-latex)
 (/usr/local/texlive/2024/texmf-dist/tex/generic/luatex85/luatex85.sty
Package: luatex85 2016/06/15 v1.4 pdftex aliases for luatex
) (/Users/nicolas/.emacs.d/.local/straight/build-29.1/auctex/latex/prtightpage.def
\PreviewBorder=\dimen169
) (/Users/nicolas/.emacs.d/.local/straight/build-29.1/auctex/latex/prauctex.def
No auxiliary output files.


\hbadness=\count434
\hfuzz=\dimen170
(/Users/nicolas/.emacs.d/.local/straight/build-29.1/auctex/latex/prauctex.cfg)) (/Users/nicolas/.emacs.d/.local/straight/build-29.1/auctex/latex/prfootnotes.def)
\pr@snippet=\count435
\pr@box=\box55
\pr@output=\toks33

Preview: Fontsize 12pt
Preview: PDFoutput 1
)  !name(LaMain.tex) !offset(-3) 
LaTeX Font Info:    Trying to load font information for U+msa on input line 35.
 (/usr/local/texlive/2024/texmf-dist/tex/latex/amsfonts/umsa.fd
File: umsa.fd 2013/01/14 v3.01 AMS symbols A
)
LaTeX Font Info:    Trying to load font information for U+msb on input line 35.
 (/usr/local/texlive/2024/texmf-dist/tex/latex/amsfonts/umsb.fd
File: umsb.fd 2013/01/14 v3.01 AMS symbols B
)
./_region_.tex:37: Preview: Snippet 1 started.
<-><->
      
l.37 \section
           {Introducere}
Not a real error.

Preview: Tightpage -32891 -32891 32891 32891
./_region_.tex:37: Preview: Snippet 1 ended.(830546+13271x29834878).
<-><->
      
l.37 \section{Introducere}
                        
Not a real error.

[1{/usr/local/texlive/2024/texmf-var/fonts/map/pdftex/updmap/pdftex.map}

]
./_region_.tex:44: Preview: Snippet 2 started.
<-><->
      
l.44 \section
           {Epidemiologie}
Not a real error.

./_region_.tex:44: Preview: Snippet 2 ended.(853770+272056x29834878).
<-><->
      
l.44 \section{Epidemiologie}
                          
Not a real error.

[2

]
./_region_.tex:68: Preview: Snippet 3 started.
<-><->
      
l.68 \subsection
              {Prevalență și incidență}
Not a real error.

./_region_.tex:68: Preview: Snippet 3 ended.(721152+226714x29834878).
<-><->
      
l.68 \subsection{Prevalență și incidență}
                                            
Not a real error.

[3

]

LaTeX Warning: Citation 'RoleNuclearMedicine2012' on page 3 undefined on input line 77.


LaTeX Warning: Citation 'RadionuclideImagingMusculoskeletal2016' on page 3 undefined on input line 80.


LaTeX Warning: Citation 'ImagingAssessmentSpine2024' on page 3 undefined on input line 86.


LaTeX Warning: Citation 'RadionuclideImagingMusculoskeletal2016' on page 3 undefined on input line 92.


LaTeX Warning: Citation 'RoleNuclearMedicine2012' on page 3 undefined on input line 102.


LaTeX Warning: Citation 'ImagingAssessmentSpine2024' on page 3 undefined on input line 102.


LaTeX Warning: Citation 'RadionuclideImagingMusculoskeletal2016' on page 3 undefined on input line 106.

./_region_.tex:108: Preview: Snippet 4 started.
<-><->
      
l.108 \subsection
               {Factori de risc}
Not a real error.

./_region_.tex:108: Preview: Snippet 4 ended.(711475+11059x29834878).
<-><->
      
l.108 \subsection{Factori de risc}
                                
Not a real error.

[4

]

LaTeX Warning: Citation 'RoleNuclearMedicine2012' on page 4 undefined on input line 118.


LaTeX Warning: Citation 'ImagingAssessmentSpine2024' on page 4 undefined on input line 122.


LaTeX Warning: Citation 'RadionuclideImagingMusculoskeletal2016' on page 4 undefined on input line 134.


LaTeX Warning: Citation 'ImagingAssessmentSpine2024' on page 4 undefined on input line 134.


LaTeX Warning: Citation 'RoleNuclearMedicine2012' on page 4 undefined on input line 146.

./_region_.tex:148: Preview: Snippet 5 started.
<-><->
      
l.148 \subsubsection
                  {Grupe populaționale vulnerabile}
Not a real error.

./_region_.tex:148: Preview: Snippet 5 ended.(592896+188928x29834878).
<-><->
      
l.148 ...ubsection{Grupe populaționale vulnerabile}
                                                  
Not a real error.

[5

]

LaTeX Warning: Citation 'EtiologyClinicalPresentation2016' on page 4 undefined on input line 158.


LaTeX Warning: Citation 'EpidemiologySpondylodiscitisGermany2023' on page 5 undefined on input line 167.

./_region_.tex:169: Preview: Snippet 6 started.
<-><->
      
l.169 \section
            {Rolul imagisticii în diagnostic și tratament}
Not a real error.

./_region_.tex:169: Preview: Snippet 6 ended.(869253+272056x29834878).
<-><->
      
l.169 ...l imagisticii în diagnostic și tratament}
                                                  
Not a real error.

[6

]
./_region_.tex:171: Preview: Snippet 7 started.
<-><->
      
l.171 \subsection
               {Ghidarea procedurilor de biopsie}
Not a real error.

./_region_.tex:171: Preview: Snippet 7 ended.(711475+211968x29834878).
<-><->
      
l.171 \subsection{Ghidarea procedurilor de biopsie}
                                                 
Not a real error.

[7

]

LaTeX Warning: Citation 'PercutaneousCTGuidedBone2023' on page 6 undefined on input line 182.


LaTeX Warning: Citation 'ImageGuidedBiopsyAcute2023' on page 6 undefined on input line 197.


LaTeX Warning: Citation 'UltrasoundGuidedPercutaneousBone2023' on page 6 undefined on input line 203.

./_region_.tex:205: Preview: Snippet 8 started.
<-><->
      
l.205 \begin{figure}
                  
Not a real error.

<Files/biop-48.png, id=40, 1927.2pt x 1084.05pt>
File: Files/biop-48.png Graphic file (type png)
<use Files/biop-48.png>
Package luatex.def Info: Files/biop-48.png  used on input line 207.
(luatex.def)             Requested size: 455.24411pt x 256.07509pt.
./_region_.tex:214: Preview: Snippet 8 ended.(22188857+188160x29834878).
<-><->
      
l.214 \end{figure}
                
Not a real error.

[8

<./Files/biop-48.png>]
./_region_.tex:218: Preview: Snippet 9 started.
<-><->
      
l.218 \subsection
               {Monitorizarea răspunsului la tratament}
Not a real error.

./_region_.tex:218: Preview: Snippet 9 ended.(721152+211968x29834878).
<-><->
      
l.218 ...on{Monitorizarea răspunsului la tratament}
                                                  
Not a real error.

[9

]

LaTeX Warning: Citation 'CorrelationFollowupMRI2020' on page 6 undefined on input line 230.


LaTeX Warning: Citation 'SpondylodiscitisUpdateDiagnosis2010' on page 6 undefined on input line 230.


LaTeX Warning: Citation 'CorrelationFollowupMRI2020' on page 6 undefined on input line 242.


LaTeX Warning: Citation 'ImagingAssessmentSpine2024' on page 6 undefined on input line 242.

./_region_.tex:244: Preview: Snippet 10 started.
<-><->
      
l.244 \subsection
               {Planificarea chirurgicală}
Not a real error.

./_region_.tex:244: Preview: Snippet 10 ended.(721152+226714x29834878).
<-><->
      
l.244 \subsection{Planificarea chirurgicală}
                                           
Not a real error.

[10

]
./_region_.tex:246: Preview: Snippet 11 started.
<-><->
      
l.246 \subsubsection
                  {Indicații chirurgicale}
Not a real error.

./_region_.tex:246: Preview: Snippet 11 ended.(592896+188928x29834878).
<-><->
      
l.246 \subsubsection{Indicații chirurgicale}
                                           
Not a real error.

[11

]

LaTeX Warning: Citation 'SurgicalTreatmentSpondylodiscitis2012' on page 7 undefined on input line 267.

./_region_.tex:269: Preview: Snippet 12 started.
<-><->
      
l.269 \subsubsection
                  {Evaluarea imagistică postoperatorie}
Not a real error.

./_region_.tex:269: Preview: Snippet 12 ended.(600960+188928x29834878).
<-><->
      
l.269 ...ction{Evaluarea imagistică postoperatorie}
                                                  
Not a real error.

[12

]

LaTeX Warning: Citation 'RetrospectiveStudySpondylodiscitis2020' on page 7 undefined on input line 280.

./_region_.tex:282: Preview: Snippet 13 started.
<-><->
      
l.282 \section
            {Tehnici de imagistică}
Not a real error.

./_region_.tex:282: Preview: Snippet 13 ended.(865382+272056x29834878).
<-><->
      
l.282 \section{Tehnici de imagistică}
                                    
Not a real error.

[13

]
./_region_.tex:301: Preview: Snippet 14 started.
<-><->
      
l.301 \subsection
               {Radiologia convențională}
Not a real error.

./_region_.tex:301: Preview: Snippet 14 ended.(721152+226714x29834878).
<-><->
      
l.301 \subsection{Radiologia convențională}
                                           
Not a real error.

[14

]

LaTeX Warning: Citation 'SpondylodiscitisDiagnosisTreatment2017' on page 8 undefined on input line 315.


LaTeX Warning: Reference `rx-general' on page 8 undefined on input line 316.

./_region_.tex:320: Preview: Snippet 15 started.
<-><->
      
l.320 \begin{figure}
                  \label{rx-general}
Not a real error.

<Files/rx-general.png, id=79, 1927.2pt x 1084.05pt>
File: Files/rx-general.png Graphic file (type png)
<use Files/rx-general.png>
Package luatex.def Info: Files/rx-general.png  used on input line 322.
(luatex.def)             Requested size: 455.24411pt x 256.07509pt.

LaTeX Warning: Citation 'ImagingSpondylodiscitisComprehensive2024' on page 8 undefined on input line 331.


LaTeX Warning: Citation 'ImagingSpondylodiscitisComprehensive2024' on page 8 undefined on input line 331.

./_region_.tex:332: Preview: Snippet 15 ended.(25039673+188928x29834878).
<-><->
      
l.332 \end{figure}
                
Not a real error.

[15


<./Files/rx-general.png>]
./_region_.tex:335: Preview: Snippet 16 started.
<-><->
      
l.335 \subsubsection
                  {Sensibilitate și specificitate}
Not a real error.

./_region_.tex:335: Preview: Snippet 16 ended.(592896+188928x29834878).
<-><->
      
l.335 ...subsection{Sensibilitate și specificitate}
                                                  
Not a real error.

[16

]

LaTeX Warning: Citation 'SuggestionsManagingPyogenic2007' on page 8 undefined on input line 340.


LaTeX Warning: Citation 'SpinalInfections2005' on page 8 undefined on input line 340.


LaTeX Warning: Citation 'ImagingSpondylodiscitisComprehensive2024' on page 8 undefined on input line 340.


LaTeX Warning: Citation 'SpinalInfectionsClinical2014' on page 8 undefined on input line 342.

./_region_.tex:346: Preview: Snippet 17 started.
<-><->
      
l.346 \subsubsection
                  {Acuratețea diagnostică}
Not a real error.

./_region_.tex:346: Preview: Snippet 17 ended.(600960+188928x29834878).
<-><->
      
l.346 \subsubsection{Acuratețea diagnostică}
                                            
Not a real error.

[17

]

LaTeX Warning: Citation 'SpinalInfectionsClinical2014' on page 8 undefined on input line 357.

./_region_.tex:359: Preview: Snippet 18 started.
<-><->
      
l.359 \subsubsection
                  {Disponibilitate și considerente de cost}
Not a real error.

./_region_.tex:359: Preview: Snippet 18 ended.(592896+188928x29834878).
<-><->
      
l.359 ...n{Disponibilitate și considerente de cost}
                                                  
Not a real error.

[18

]

LaTeX Warning: Citation 'ImagingSpondylodiscitisComprehensive2024' on page 9 undefined on input line 368.

./_region_.tex:370: Preview: Snippet 19 started.
<-><->
      
l.370 \subsection
               {Tomografia computerizată}
Not a real error.

./_region_.tex:370: Preview: Snippet 19 ended.(721152+226714x29834878).
<-><->
      
l.370 \subsection{Tomografia computerizată}
                                          
Not a real error.

[19

]

LaTeX Warning: Citation 'DiagnosticInterventionalManagement2020' on page 9 undefined on input line 388.

./_region_.tex:390: Preview: Snippet 20 started.
<-><->
      
l.390 \subsubsection
                  {Sensibilitate și specificitate}
Not a real error.

./_region_.tex:390: Preview: Snippet 20 ended.(592896+188928x29834878).
<-><->
      
l.390 ...subsection{Sensibilitate și specificitate}
                                                  
Not a real error.

[20

]

LaTeX Warning: Citation 'ImagingCharacteristicsCT2022' on page 9 undefined on input line 397.


LaTeX Warning: Citation 'ImagingCharacteristicsCT2022' on page 9 undefined on input line 399.


LaTeX Warning: Citation 'ImagingAssessmentSpine2024' on page 9 undefined on input line 402.


LaTeX Warning: Citation 'ImagingCharacteristicsCT2022' on page 9 undefined on input line 409.


LaTeX Warning: Citation 'ImagingAssessmentSpine2024' on page 9 undefined on input line 409.

./_region_.tex:411: Preview: Snippet 21 started.
<-><->
      
l.411 \subsubsection
                  {Acuratețea diagnostică}
Not a real error.

./_region_.tex:411: Preview: Snippet 21 ended.(600960+188928x29834878).
<-><->
      
l.411 \subsubsection{Acuratețea diagnostică}
                                            
Not a real error.

[21

]

LaTeX Warning: Reference `CT-general' on page 9 undefined on input line 415.


LaTeX Warning: Citation 'ImagingCharacteristicsCT2022' on page 9 undefined on input line 421.


LaTeX Warning: Citation 'ImagingAssessmentSpine2024' on page 9 undefined on input line 421.

./_region_.tex:423: Preview: Snippet 22 started.
<-><->
      
l.423 \begin{figure}
                  
Not a real error.

<Files/CT-general.png, id=117, 1927.2pt x 1084.05pt>
File: Files/CT-general.png Graphic file (type png)
<use Files/CT-general.png>
Package luatex.def Info: Files/CT-general.png  used on input line 425.
(luatex.def)             Requested size: 455.24411pt x 256.07509pt.

LaTeX Warning: Citation 'ImagingSpondylodiscitisComprehensive2024' on page 10 undefined on input line 430.


LaTeX Warning: Citation 'ImagingSpondylodiscitisComprehensive2024' on page 10 undefined on input line 430.

./_region_.tex:431: Preview: Snippet 22 ended.(21238585+188928x29834878).
<-><->
      
l.431 \end{figure}
                
Not a real error.

[22

<./Files/CT-general.png>]
./_region_.tex:435: Preview: Snippet 23 started.
<-><->
      
l.435 \subsubsection
                  {Disponibilitate și considerente de cost}
Not a real error.

./_region_.tex:435: Preview: Snippet 23 ended.(592896+188928x29834878).
<-><->
      
l.435 ...n{Disponibilitate și considerente de cost}
                                                  
Not a real error.

[23

]

LaTeX Warning: Citation 'ImagingCharacteristicsCT2022' on page 10 undefined on input line 442.


LaTeX Warning: Citation 'ImagingCharacteristicsCT2022' on page 10 undefined on input line 446.


LaTeX Warning: Citation 'ImagingAssessmentSpine2024' on page 10 undefined on input line 446.

./_region_.tex:448: Preview: Snippet 24 started.
<-><->
      
l.448 \subsection
               {Medicina nucleară}
Not a real error.

./_region_.tex:448: Preview: Snippet 24 ended.(721152+14746x29834878).
<-><->
      
l.448 \subsection{Medicina nucleară}
                                   
Not a real error.

[24

]
./_region_.tex:450: Preview: Snippet 25 started.
<-><->
      
l.450 \subsubsection
                  {Sensibilitate și specificitate}
Not a real error.

./_region_.tex:450: Preview: Snippet 25 ended.(592896+188928x29834878).
<-><->
      
l.450 ...subsection{Sensibilitate și specificitate}
                                                  
Not a real error.

[25

]

LaTeX Warning: Citation 'RadionuclideImagingMusculoskeletal2016' on page 10 undefined on input line 463.


LaTeX Warning: Citation 'RoleNuclearMedicine2012' on page 10 undefined on input line 463.


LaTeX Warning: Citation 'ImagingAssessmentSpine2024' on page 10 undefined on input line 463.


LaTeX Warning: Citation 'ImagingAssessmentSpine2024' on page 10 undefined on input line 471.

./_region_.tex:473: Preview: Snippet 26 started.
<-><->
      
l.473 \subsubsection
                  {Acuratețea diagnostică}
Not a real error.

./_region_.tex:473: Preview: Snippet 26 ended.(600960+188928x29834878).
<-><->
      
l.473 \subsubsection{Acuratețea diagnostică}
                                            
Not a real error.

[26

]

LaTeX Warning: Citation 'RadionuclideImagingMusculoskeletal2016' on page 10 undefined on input line 482.


LaTeX Warning: Citation 'RoleNuclearMedicine2012' on page 10 undefined on input line 482.

./_region_.tex:485: Preview: Snippet 27 started.
<-><->
      
l.485 \subsubsection
                  {Disponibilitate și considerente de cost}
Not a real error.

./_region_.tex:485: Preview: Snippet 27 ended.(592896+188928x29834878).
<-><->
      
l.485 ...n{Disponibilitate și considerente de cost}
                                                  
Not a real error.

[27

]

LaTeX Warning: Citation 'ImagingAssessmentSpine2024' on page 10 undefined on input line 492.

./_region_.tex:494: Preview: Snippet 28 started.
<-><->
      
l.494 \subsection
               {Imagistica prin rezonanță magnetică}
Not a real error.

./_region_.tex:494: Preview: Snippet 28 ended.(721152+226714x29834878).
<-><->
      
l.494 ...ion{Imagistica prin rezonanță magnetică}
                                                  
Not a real error.

[28

]

LaTeX Warning: Citation 'SpondylodiscitisDiagnosisTreatment2017' on page 11 undefined on input line 504.


LaTeX Warning: Citation 'CurrentDiagnosisTreatment2008' on page 11 undefined on input line 504.


LaTeX Warning: Citation 'SpinalInfectionState2013' on page 11 undefined on input line 511.


LaTeX Warning: Citation 'ImagingPsoasSign2016' on page 11 undefined on input line 513.


LaTeX Warning: Citation 'SpinalInfectionState2013' on page 11 undefined on input line 521.


LaTeX Warning: Citation 'DiagnosticInterventionalManagement2020' on page 11 undefined on input line 521.

./_region_.tex:523: Preview: Snippet 29 started.
<-><->
      
l.523 \begin{figure}
                  
Not a real error.

<Files/IRM-important.png, id=155, 1927.2pt x 1084.05pt>
File: Files/IRM-important.png Graphic file (type png)
<use Files/IRM-important.png>
Package luatex.def Info: Files/IRM-important.png  used on input line 525.
(luatex.def)             Requested size: 455.24411pt x 256.07509pt.

LaTeX Warning: Citation 'DiagnosticInterventionalManagement2020' on page 11 undefined on input line 537.


LaTeX Warning: Citation 'DiagnosticInterventionalManagement2020' on page 11 undefined on input line 537.

./_region_.tex:538: Preview: Snippet 29 ended.(26178873+0x29834878).
<-><->
      
l.538 \end{figure}
                
Not a real error.

[29


<./Files/IRM-important.png>]

LaTeX Warning: Reference `IRM-important' on page 11 undefined on input line 541.


LaTeX Warning: Citation 'DiagnosticInterventionalManagement2020' on page 11 undefined on input line 563.

./_region_.tex:565: Preview: Snippet 30 started.
<-><->
      
l.565 \subsubsection
                  {Sensibilitate și specificitate}
Not a real error.

./_region_.tex:565: Preview: Snippet 30 ended.(592896+188928x29834878).
<-><->
      
l.565 ...subsection{Sensibilitate și specificitate}
                                                  
Not a real error.

[30

]

LaTeX Warning: Citation 'ComparisonDiagnosticValue2017' on page 12 undefined on input line 571.


LaTeX Warning: Citation 'ComparisonDiagnosticValue2017' on page 12 undefined on input line 578.

./_region_.tex:585: Preview: Snippet 31 started.
<-><->
      
l.585 \subsubsection
                  {Acuratețea diagnostică}
Not a real error.

./_region_.tex:585: Preview: Snippet 31 ended.(600960+188928x29834878).
<-><->
      
l.585 \subsubsection{Acuratețea diagnostică}
                                            
Not a real error.

[31

]

LaTeX Warning: Citation 'DiagnosticPerformanceMultiDetector2022' on page 12 undefined on input line 592.


LaTeX Warning: Citation 'DegenerativeDiskDisease1988' on page 12 undefined on input line 604.


LaTeX Warning: Citation 'DiffusionweightedMRIClaw2014' on page 12 undefined on input line 615.


LaTeX Warning: Citation 'ComparisonDiagnosticValue2017' on page 12 undefined on input line 624.

./_region_.tex:626: Preview: Snippet 32 started.
<-><->
      
l.626 \subsubsection
                  {Disponibilitate și considerente de cost}
Not a real error.

./_region_.tex:626: Preview: Snippet 32 ended.(592896+188928x29834878).
<-><->
      
l.626 ...n{Disponibilitate și considerente de cost}
                                                  
Not a real error.

[32

]

LaTeX Warning: Citation 'ComparisonDiagnosticValue2017' on page 13 undefined on input line 637.

./_region_.tex:642: Preview: Snippet 33 started.
<-><->
      
l.642 \subsection
               {Tehnologii emergente}
Not a real error.

./_region_.tex:642: Preview: Snippet 33 ended.(711475+226714x29834878).
<-><->
      
l.642 \subsection{Tehnologii emergente}
                                     
Not a real error.

[33

]

LaTeX Warning: Citation 'RadionuclideImagingMusculoskeletal2016' on page 13 undefined on input line 652.


LaTeX Warning: Citation 'RoleNuclearMedicine2012' on page 13 undefined on input line 652.

./_region_.tex:654: Preview: Snippet 34 started.
<-><->
      
l.654 \subsection
               {Tehnici hibride de imagistică}
Not a real error.

./_region_.tex:654: Preview: Snippet 34 ended.(721152+226714x29834878).
<-><->
      
l.654 \subsection{Tehnici hibride de imagistică}
                                               
Not a real error.

[34

]

LaTeX Warning: Citation 'RadionuclideImagingMusculoskeletal2016' on page 13 undefined on input line 663.


LaTeX Warning: Citation 'ImagingAssessmentSpine2024' on page 13 undefined on input line 663.

./_region_.tex:665: Preview: Snippet 35 started.
<-><->
      
l.665 \section
            {Methods}
Not a real error.

./_region_.tex:665: Preview: Snippet 35 ended.(830546+17695x29834878).
<-><->
      
l.665 \section{Methods}
                     
Not a real error.

[35

]
./_region_.tex:667: Preview: Snippet 36 started.
<-><->
      
l.667 \begin{table}
                 
Not a real error.

<Files/tb-DSI_vs_MODIC.png, id=193, 1927.2pt x 1084.05pt>
File: Files/tb-DSI_vs_MODIC.png Graphic file (type png)
<use Files/tb-DSI_vs_MODIC.png>
Package luatex.def Info: Files/tb-DSI_vs_MODIC.png  used on input line 668.
(luatex.def)             Requested size: 455.24411pt x 256.07509pt.
./_region_.tex:670: Preview: Snippet 36 ended.(16782137+0x29834878).
<-><->
      
l.670 \end{table}
               
Not a real error.

[36<./Files/tb-DSI_vs_MODIC.png>]
./_region_.tex:673: Preview: Snippet 37 started.
<-><->
      
l.673 \section
            {Interpretarea datelor}
Not a real error.

./_region_.tex:673: Preview: Snippet 37 ended.(830546+254362x29834878).
<-><->
      
l.673 \section{Interpretarea datelor}
                                   
Not a real error.

[37

]

LaTeX Warning: Empty bibliography on input line 675.

 ***********
LaTeX2e <2023-11-01> patch level 1
L3 programming layer <2024-02-20>
 ***********

LaTeX Warning: There were undefined references.


Package biblatex Warning: Please (re)run Biber on the file:
(biblatex)                _region_
(biblatex)                and rerun LaTeX afterwards.

Package logreq Info: Writing requests to '_region_.run.xml'.

\openout1 = _region_.run.xml
)

Here is how much of LuaTeX's memory you used:
 21647 strings out of 476447
 125161,1977958 words of node,token memory allocated
 551 words of node memory still in use:
   6 hlist, 2 vlist, 2 rule, 2 glue, 4 kern, 1 glyph, 11 attribute, 63 glue_spec, 7 attribute_list, 1 write nodes
   avail lists: 2:245,3:67,4:30,5:1531,6:12,7:7954,8:28,9:109,10:28,11:1271
 43315 multiletter control sequences out of 65536+600000
 53 fonts using 6299727 bytes
 80i,8n,89p,916b,1383s stack positions out of 10000i,1000n,20000p,200000b,200000s
</Library/Fonts/NewYorkSmall-Regular.otf></Library/Fonts/NewYorkSmall-Bold.otf>
Output written on _region_.pdf (37 pages, 4553513 bytes).

PDF statistics: 224 PDF objects out of 1000 (max. 8388607)
 167 compressed objects within 2 object streams
 73 named destinations out of 1000 (max. 131072)
 1 words of extra memory for PDF output out of 10000 (max. 100000000)

