\BOOKMARK [1][-]{section.1}{\376\377\000I\000n\000t\000r\000o\000d\000u\000c\000e\000r\000e}{}% 1
\BOOKMARK [1][-]{section.2}{\376\377\000E\000p\000i\000d\000e\000m\000i\000o\000l\000o\000g\000i\000e}{}% 2
\BOOKMARK [2][-]{subsection.2.1}{\376\377\000P\000r\000e\000v\000a\000l\000e\000n\002\033\001\003\000\040\002\031\000i\000\040\000i\000n\000c\000i\000d\000e\000n\002\033\001\003}{section.2}% 3
\BOOKMARK [2][-]{subsection.2.2}{\376\377\000F\000a\000c\000t\000o\000r\000i\000\040\000d\000e\000\040\000r\000i\000s\000c}{section.2}% 4
\BOOKMARK [3][-]{subsubsection.2.2.1}{\376\377\000G\000r\000u\000p\000e\000\040\000p\000o\000p\000u\000l\000a\002\033\000i\000o\000n\000a\000l\000e\000\040\000v\000u\000l\000n\000e\000r\000a\000b\000i\000l\000e}{subsection.2.2}% 5
\BOOKMARK [1][-]{section.3}{\376\377\000R\000o\000l\000u\000l\000\040\000i\000m\000a\000g\000i\000s\000t\000i\000c\000i\000i\000\040\000\356\000n\000\040\000d\000i\000a\000g\000n\000o\000s\000t\000i\000c\000\040\002\031\000i\000\040\000t\000r\000a\000t\000a\000m\000e\000n\000t}{}% 6
\BOOKMARK [2][-]{subsection.3.1}{\376\377\000G\000h\000i\000d\000a\000r\000e\000a\000\040\000p\000r\000o\000c\000e\000d\000u\000r\000i\000l\000o\000r\000\040\000d\000e\000\040\000b\000i\000o\000p\000s\000i\000e}{section.3}% 7
\BOOKMARK [2][-]{subsection.3.2}{\376\377\000M\000o\000n\000i\000t\000o\000r\000i\000z\000a\000r\000e\000a\000\040\000r\001\003\000s\000p\000u\000n\000s\000u\000l\000u\000i\000\040\000l\000a\000\040\000t\000r\000a\000t\000a\000m\000e\000n\000t}{section.3}% 8
\BOOKMARK [2][-]{subsection.3.3}{\376\377\000P\000l\000a\000n\000i\000f\000i\000c\000a\000r\000e\000a\000\040\000c\000h\000i\000r\000u\000r\000g\000i\000c\000a\000l\001\003}{section.3}% 9
\BOOKMARK [3][-]{subsubsection.3.3.1}{\376\377\000I\000n\000d\000i\000c\000a\002\033\000i\000i\000\040\000c\000h\000i\000r\000u\000r\000g\000i\000c\000a\000l\000e}{subsection.3.3}% 10
\BOOKMARK [3][-]{subsubsection.3.3.2}{\376\377\000E\000v\000a\000l\000u\000a\000r\000e\000a\000\040\000i\000m\000a\000g\000i\000s\000t\000i\000c\001\003\000\040\000p\000o\000s\000t\000o\000p\000e\000r\000a\000t\000o\000r\000i\000e}{subsection.3.3}% 11
\BOOKMARK [1][-]{section.4}{\376\377\000T\000e\000h\000n\000i\000c\000i\000\040\000d\000e\000\040\000i\000m\000a\000g\000i\000s\000t\000i\000c\001\003}{}% 12
\BOOKMARK [2][-]{subsection.4.1}{\376\377\000R\000a\000d\000i\000o\000l\000o\000g\000i\000a\000\040\000c\000o\000n\000v\000e\000n\002\033\000i\000o\000n\000a\000l\001\003}{section.4}% 13
\BOOKMARK [3][-]{subsubsection.4.1.1}{\376\377\000S\000e\000n\000s\000i\000b\000i\000l\000i\000t\000a\000t\000e\000\040\002\031\000i\000\040\000s\000p\000e\000c\000i\000f\000i\000c\000i\000t\000a\000t\000e}{subsection.4.1}% 14
\BOOKMARK [3][-]{subsubsection.4.1.2}{\376\377\000A\000c\000u\000r\000a\000t\000e\002\033\000e\000a\000\040\000d\000i\000a\000g\000n\000o\000s\000t\000i\000c\001\003}{subsection.4.1}% 15
\BOOKMARK [3][-]{subsubsection.4.1.3}{\376\377\000D\000i\000s\000p\000o\000n\000i\000b\000i\000l\000i\000t\000a\000t\000e\000\040\002\031\000i\000\040\000c\000o\000n\000s\000i\000d\000e\000r\000e\000n\000t\000e\000\040\000d\000e\000\040\000c\000o\000s\000t}{subsection.4.1}% 16
\BOOKMARK [2][-]{subsection.4.2}{\376\377\000T\000o\000m\000o\000g\000r\000a\000f\000i\000a\000\040\000c\000o\000m\000p\000u\000t\000e\000r\000i\000z\000a\000t\001\003}{section.4}% 17
\BOOKMARK [3][-]{subsubsection.4.2.1}{\376\377\000S\000e\000n\000s\000i\000b\000i\000l\000i\000t\000a\000t\000e\000\040\002\031\000i\000\040\000s\000p\000e\000c\000i\000f\000i\000c\000i\000t\000a\000t\000e}{subsection.4.2}% 18
\BOOKMARK [3][-]{subsubsection.4.2.2}{\376\377\000A\000c\000u\000r\000a\000t\000e\002\033\000e\000a\000\040\000d\000i\000a\000g\000n\000o\000s\000t\000i\000c\001\003}{subsection.4.2}% 19
\BOOKMARK [3][-]{subsubsection.4.2.3}{\376\377\000D\000i\000s\000p\000o\000n\000i\000b\000i\000l\000i\000t\000a\000t\000e\000\040\002\031\000i\000\040\000c\000o\000n\000s\000i\000d\000e\000r\000e\000n\000t\000e\000\040\000d\000e\000\040\000c\000o\000s\000t}{subsection.4.2}% 20
\BOOKMARK [2][-]{subsection.4.3}{\376\377\000M\000e\000d\000i\000c\000i\000n\000a\000\040\000n\000u\000c\000l\000e\000a\000r\001\003}{section.4}% 21
\BOOKMARK [3][-]{subsubsection.4.3.1}{\376\377\000S\000e\000n\000s\000i\000b\000i\000l\000i\000t\000a\000t\000e\000\040\002\031\000i\000\040\000s\000p\000e\000c\000i\000f\000i\000c\000i\000t\000a\000t\000e}{subsection.4.3}% 22
\BOOKMARK [3][-]{subsubsection.4.3.2}{\376\377\000A\000c\000u\000r\000a\000t\000e\002\033\000e\000a\000\040\000d\000i\000a\000g\000n\000o\000s\000t\000i\000c\001\003}{subsection.4.3}% 23
\BOOKMARK [3][-]{subsubsection.4.3.3}{\376\377\000D\000i\000s\000p\000o\000n\000i\000b\000i\000l\000i\000t\000a\000t\000e\000\040\002\031\000i\000\040\000c\000o\000n\000s\000i\000d\000e\000r\000e\000n\000t\000e\000\040\000d\000e\000\040\000c\000o\000s\000t}{subsection.4.3}% 24
\BOOKMARK [2][-]{subsection.4.4}{\376\377\000I\000m\000a\000g\000i\000s\000t\000i\000c\000a\000\040\000p\000r\000i\000n\000\040\000r\000e\000z\000o\000n\000a\000n\002\033\001\003\000\040\000m\000a\000g\000n\000e\000t\000i\000c\001\003}{section.4}% 25
\BOOKMARK [3][-]{subsubsection.4.4.1}{\376\377\000S\000e\000n\000s\000i\000b\000i\000l\000i\000t\000a\000t\000e\000\040\002\031\000i\000\040\000s\000p\000e\000c\000i\000f\000i\000c\000i\000t\000a\000t\000e}{subsection.4.4}% 26
\BOOKMARK [3][-]{subsubsection.4.4.2}{\376\377\000A\000c\000u\000r\000a\000t\000e\002\033\000e\000a\000\040\000d\000i\000a\000g\000n\000o\000s\000t\000i\000c\001\003}{subsection.4.4}% 27
\BOOKMARK [3][-]{subsubsection.4.4.3}{\376\377\000D\000i\000s\000p\000o\000n\000i\000b\000i\000l\000i\000t\000a\000t\000e\000\040\002\031\000i\000\040\000c\000o\000n\000s\000i\000d\000e\000r\000e\000n\000t\000e\000\040\000d\000e\000\040\000c\000o\000s\000t}{subsection.4.4}% 28
\BOOKMARK [2][-]{subsection.4.5}{\376\377\000T\000e\000h\000n\000o\000l\000o\000g\000i\000i\000\040\000e\000m\000e\000r\000g\000e\000n\000t\000e}{section.4}% 29
\BOOKMARK [2][-]{subsection.4.6}{\376\377\000T\000e\000h\000n\000i\000c\000i\000\040\000h\000i\000b\000r\000i\000d\000e\000\040\000d\000e\000\040\000i\000m\000a\000g\000i\000s\000t\000i\000c\001\003}{section.4}% 30
\BOOKMARK [1][-]{section.5}{\376\377\000M\000e\000t\000h\000o\000d\000s}{}% 31
\BOOKMARK [1][-]{section.6}{\376\377\000I\000n\000t\000e\000r\000p\000r\000e\000t\000a\000r\000e\000a\000\040\000d\000a\000t\000e\000l\000o\000r}{}% 32
